[2025-03-15 16:12:35,787: INFO: main: >>>>>> stage Data Ingestion stage started <<<<<<]
[2025-03-15 16:12:35,789: INFO: common: yaml file: config\config.yaml loaded successfully]
[2025-03-15 16:12:35,789: INFO: common: yaml file: params.yaml loaded successfully]
[2025-03-15 16:12:35,790: INFO: common: yaml file: schema.yaml loaded successfully]
[2025-03-15 16:12:35,791: INFO: common: created directory at: artifacts]
[2025-03-15 16:12:35,791: INFO: common: created directory at: artifacts/data_ingestion]
[2025-03-15 16:12:37,203: INFO: data_ingestion: artifacts/data_ingestion/wine.zip download! with following info: 
Connection: close
Content-Length: 21984
Cache-Control: max-age=300
Content-Security-Policy: default-src 'none'; style-src 'unsafe-inline'; sandbox
Content-Type: application/zip
ETag: "85a38be3d4c70e3b6dc97fc47873623da88c9b850e1526aeb57ff236bdd2815c"
Strict-Transport-Security: max-age=31536000
X-Content-Type-Options: nosniff
X-Frame-Options: deny
X-XSS-Protection: 1; mode=block
X-GitHub-Request-Id: 79DA:B5498:5DEA35:6E14AD:67D52A58
Accept-Ranges: bytes
Date: Sat, 15 Mar 2025 09:12:35 GMT
Via: 1.1 varnish
X-Served-By: cache-sin-wsss1830026-SIN
X-Cache: HIT
X-Cache-Hits: 0
X-Timer: S1742029955.226817,VS0,VE302
Vary: Authorization,Accept-Encoding,Origin
Access-Control-Allow-Origin: *
Cross-Origin-Resource-Policy: cross-origin
X-Fastly-Request-ID: ce167a210ae3ef15018c0954b49bc3416e79c3cb
Expires: Sat, 15 Mar 2025 09:17:35 GMT
Source-Age: 0

]
[2025-03-15 16:12:37,217: INFO: main: >>>>>> stage Data Ingestion stage completed <<<<<<

x==========x]
[2025-03-15 16:12:37,218: INFO: main: >>>>>> stage Data Validation stage started <<<<<<]
[2025-03-15 16:12:37,220: INFO: common: yaml file: config\config.yaml loaded successfully]
[2025-03-15 16:12:37,220: INFO: common: yaml file: params.yaml loaded successfully]
[2025-03-15 16:12:37,221: INFO: common: yaml file: schema.yaml loaded successfully]
[2025-03-15 16:12:37,222: INFO: common: created directory at: artifacts]
[2025-03-15 16:12:37,222: INFO: common: created directory at: artifacts/data_validation]
[2025-03-15 16:12:37,240: INFO: main: >>>>>> stage Data Validation stage completed <<<<<<

x==========x]
[2025-03-15 16:12:37,242: INFO: common: yaml file: config\config.yaml loaded successfully]
[2025-03-15 16:12:37,242: INFO: common: yaml file: params.yaml loaded successfully]
[2025-03-15 16:12:37,243: INFO: common: yaml file: schema.yaml loaded successfully]
[2025-03-15 16:12:37,244: INFO: common: created directory at: artifacts]
[2025-03-15 16:12:37,245: INFO: common: created directory at: artifacts/data_transformation]
[2025-03-15 16:12:37,267: INFO: data_transformation: Split data into training and test sets]
[2025-03-15 16:12:37,267: INFO: data_transformation: Train shape: (914, 12), Test shape: (229, 12)]
